<?xml version="1.0" encoding="UTF-8"?>
<!-- Generated by org.testng.reporters.JUnitReportReporter -->
<testsuite hostname="DESKTOP-UMJ5EG2" failures="0" tests="3" name="testNG200.Include_Exclude" time="0.038" errors="0" timestamp="2022-04-04T15:14:47 IST" skipped="0">
  <testcase classname="testNG200.Include_Exclude" name="b" time="0.019"/>
  <system-out>
    <![CDATA[Test b running]]>
  </system-out>
  <testcase classname="testNG200.Include_Exclude" name="c" time="0.013"/>
  <system-out>
    <![CDATA[Test c running]]>
  </system-out>
  <testcase classname="testNG200.Include_Exclude" name="d" time="0.006"/>
  <system-out>
    <![CDATA[Test d running]]>
  </system-out>
</testsuite> <!-- testNG200.Include_Exclude -->
