<?xml version="1.0" encoding="UTF-8"?>
<!-- Generated by org.testng.reporters.JUnitReportReporter -->
<testsuite hostname="DESKTOP-UMJ5EG2" failures="0" tests="5" name="TestNG.IncludeExclude1" time="0.284" errors="0" timestamp="2022-03-23T11:10:12 IST" skipped="0">
  <testcase classname="TestNG.IncludeExclude1" name="rcb" time="0.031"/>
  <system-out>
    <![CDATA[rcb]]>
  </system-out>
  <testcase classname="TestNG.IncludeExclude1" name="mi" time="0.148"/>
  <system-out>
    <![CDATA[mi]]>
  </system-out>
  <testcase classname="TestNG.IncludeExclude1" name="rr" time="0.029"/>
  <system-out>
    <![CDATA[rr]]>
  </system-out>
  <testcase classname="TestNG.IncludeExclude1" name="srh" time="0.070"/>
  <system-out>
    <![CDATA[srh]]>
  </system-out>
  <testcase classname="TestNG.IncludeExclude1" name="pk" time="0.006"/>
  <system-out>
    <![CDATA[pk]]>
  </system-out>
</testsuite> <!-- TestNG.IncludeExclude1 -->
