<?xml version="1.0" encoding="UTF-8"?>
<!-- Generated by org.testng.reporters.JUnitReportReporter -->
<testsuite hostname="DESKTOP-UMJ5EG2" failures="0" tests="4" name="TestNG.toRunTogether2" time="0.172" errors="0" timestamp="2022-03-23T10:02:47 IST" skipped="0">
  <testcase classname="TestNG.toRunTogether2" name="g" time="0.011"/>
  <system-out>
    <![CDATA[running method c]]>
  </system-out>
  <testcase classname="TestNG.toRunTogether2" name="h" time="0.083"/>
  <system-out>
    <![CDATA[running method d]]>
  </system-out>
  <testcase classname="TestNG.toRunTogether2" name="e" time="0.042"/>
  <system-out>
    <![CDATA[running method a]]>
  </system-out>
  <testcase classname="TestNG.toRunTogether2" name="f" time="0.036"/>
  <system-out>
    <![CDATA[running method b]]>
  </system-out>
</testsuite> <!-- TestNG.toRunTogether2 -->
