<?xml version="1.0" encoding="UTF-8"?>
<!-- Generated by org.testng.reporters.JUnitReportReporter -->
<testsuite hostname="DESKTOP-UMJ5EG2" failures="0" tests="4" name="TestNG.dependsOnMethodsTest" time="0.050" errors="0" timestamp="2022-03-19T18:22:57 IST" skipped="0">
  <testcase classname="TestNG.dependsOnMethodsTest" name="b" time="0.010"/>
  <system-out>
    <![CDATA[running method b]]>
  </system-out>
  <testcase classname="TestNG.dependsOnMethodsTest" name="c" time="0.010"/>
  <system-out>
    <![CDATA[running method a]]>
  </system-out>
  <testcase classname="TestNG.dependsOnMethodsTest" name="d" time="0.003"/>
  <system-out>
    <![CDATA[running method d]]>
  </system-out>
  <testcase classname="TestNG.dependsOnMethodsTest" name="a" time="0.027"/>
  <system-out>
    <![CDATA[running method c]]>
  </system-out>
</testsuite> <!-- TestNG.dependsOnMethodsTest -->
