<?xml version="1.0" encoding="UTF-8"?>
<!-- Generated by org.testng.reporters.JUnitReportReporter -->
<testsuite hostname="DESKTOP-UMJ5EG2" failures="0" tests="2" name="TestNG.include_excludeTest" time="0.067" errors="0" timestamp="2022-03-19T18:47:50 IST" skipped="0">
  <testcase classname="TestNG.include_excludeTest" name="c" time="0.012"/>
  <system-out>
    <![CDATA[running method c]]>
  </system-out>
  <testcase classname="TestNG.include_excludeTest" name="a" time="0.055"/>
  <system-out>
    <![CDATA[running method a]]>
  </system-out>
</testsuite> <!-- TestNG.include_excludeTest -->
