<?xml version="1.0" encoding="UTF-8"?>
<!-- Generated by org.testng.reporters.JUnitReportReporter -->
<testsuite hostname="DESKTOP-UMJ5EG2" failures="0" tests="1" name="TestNG.Annotations_study" time="0.028" errors="0" timestamp="2022-03-26T21:38:00 IST" skipped="0">
  <testcase classname="TestNG.Annotations_study" name="myMethod" time="0.028"/>
  <system-out>
    <![CDATA[This is my method]]>
  </system-out>
</testsuite> <!-- TestNG.Annotations_study -->
