<?xml version="1.0" encoding="UTF-8"?>
<!-- Generated by org.testng.reporters.JUnitReportReporter -->
<testsuite hostname="DESKTOP-UMJ5EG2" failures="0" tests="3" name="TestNG.toRunTogether2_grouping" time="0.040" errors="0" timestamp="2022-03-23T10:13:51 IST" skipped="0">
  <testcase classname="TestNG.toRunTogether2_grouping" name="g" time="0.008"/>
  <system-out>
    <![CDATA[running method g]]>
  </system-out>
  <testcase classname="TestNG.toRunTogether2_grouping" name="e" time="0.027"/>
  <system-out>
    <![CDATA[running method e]]>
  </system-out>
  <testcase classname="TestNG.toRunTogether2_grouping" name="f" time="0.005"/>
  <system-out>
    <![CDATA[running method f]]>
  </system-out>
</testsuite> <!-- TestNG.toRunTogether2_grouping -->
