<?xml version="1.0" encoding="UTF-8"?>
<!-- Generated by org.testng.reporters.JUnitReportReporter -->
<testsuite hostname="DESKTOP-UMJ5EG2" failures="0" tests="2" name="TestNG_Asserts.AssertTrueStudy" time="0.033" errors="0" timestamp="2022-03-25T17:30:01 IST" skipped="0">
  <testcase classname="TestNG_Asserts.AssertTrueStudy" name="testing1" time="0.004"/>
  <system-out/>
  <testcase classname="TestNG_Asserts.AssertTrueStudy" name="testing" time="0.029"/>
  <system-out/>
</testsuite> <!-- TestNG_Asserts.AssertTrueStudy -->
