<?xml version="1.0" encoding="UTF-8"?>
<!-- Generated by org.testng.reporters.JUnitReportReporter -->
<testsuite hostname="DESKTOP-UMJ5EG2" failures="0" tests="5" name="TestNG.group2_IncludeExclude" time="0.033" errors="0" timestamp="2022-03-23T11:43:08 IST" skipped="0">
  <testcase classname="TestNG.group2_IncludeExclude" name="kkr" time="0.007"/>
  <system-out>
    <![CDATA[kkr]]>
  </system-out>
  <testcase classname="TestNG.group2_IncludeExclude" name="dc" time="0.006"/>
  <system-out>
    <![CDATA[dc]]>
  </system-out>
  <testcase classname="TestNG.group2_IncludeExclude" name="csk" time="0.005"/>
  <system-out>
    <![CDATA[csk]]>
  </system-out>
  <testcase classname="TestNG.group2_IncludeExclude" name="rr" time="0.013"/>
  <system-out>
    <![CDATA[rr]]>
  </system-out>
  <testcase classname="TestNG.group2_IncludeExclude" name="gt" time="0.002"/>
  <system-out>
    <![CDATA[gt]]>
  </system-out>
</testsuite> <!-- TestNG.group2_IncludeExclude -->
