<?xml version="1.0" encoding="UTF-8"?>
<!-- Generated by org.testng.reporters.JUnitReportReporter -->
<testsuite hostname="DESKTOP-UMJ5EG2" failures="0" tests="3" name="testNG200.Include_Exclude2" time="0.013" errors="0" timestamp="2022-04-04T15:14:48 IST" skipped="0">
  <testcase classname="testNG200.Include_Exclude2" name="f" time="0.003"/>
  <system-out>
    <![CDATA[Test f running]]>
  </system-out>
  <testcase classname="testNG200.Include_Exclude2" name="h" time="0.007"/>
  <system-out>
    <![CDATA[Test h running]]>
  </system-out>
  <testcase classname="testNG200.Include_Exclude2" name="i" time="0.003"/>
  <system-out>
    <![CDATA[Test i running]]>
  </system-out>
</testsuite> <!-- testNG200.Include_Exclude2 -->
