<?xml version="1.0" encoding="UTF-8"?>
<!-- Generated by org.testng.reporters.JUnitReportReporter -->
<testsuite hostname="DESKTOP-UMJ5EG2" failures="0" tests="1" name="TestNG.invocation" time="0.012" errors="0" timestamp="2022-04-04T14:25:31 IST" skipped="0">
  <testcase classname="TestNG.invocation" name="mymethod" time="0.012"/>
  <system-out>
    <![CDATA[this is my method]]>
  </system-out>
</testsuite> <!-- TestNG.invocation -->
