<?xml version="1.0" encoding="UTF-8"?>
<!-- Generated by org.testng.reporters.JUnitReportReporter -->
<testsuite hostname="DESKTOP-UMJ5EG2" failures="0" tests="5" name="TestNG.priority_test" time="0.078" errors="0" timestamp="2022-03-20T13:12:47 IST" skipped="0">
  <testcase classname="TestNG.priority_test" name="c" time="0.011"/>
  <system-out>
    <![CDATA[running method c]]>
  </system-out>
  <testcase classname="TestNG.priority_test" name="a" time="0.039"/>
  <system-out>
    <![CDATA[running method a]]>
  </system-out>
  <testcase classname="TestNG.priority_test" name="b" time="0.009"/>
  <system-out>
    <![CDATA[running method b]]>
  </system-out>
  <testcase classname="TestNG.priority_test" name="b" time="0.006"/>
  <system-out>
    <![CDATA[running method b]]>
  </system-out>
  <testcase classname="TestNG.priority_test" name="d" time="0.013"/>
  <system-out>
    <![CDATA[running method d]]>
  </system-out>
</testsuite> <!-- TestNG.priority_test -->
