<?xml version="1.0" encoding="UTF-8"?>
<!-- Generated by org.testng.reporters.JUnitReportReporter -->
<testsuite hostname="DESKTOP-UMJ5EG2" failures="0" tests="4" name="TestNG.toRunTogether1" time="0.016" errors="0" timestamp="2022-03-23T10:02:47 IST" skipped="0">
  <testcase classname="TestNG.toRunTogether1" name="d" time="0.002"/>
  <system-out>
    <![CDATA[running method d]]>
  </system-out>
  <testcase classname="TestNG.toRunTogether1" name="b" time="0.003"/>
  <system-out>
    <![CDATA[running method b]]>
  </system-out>
  <testcase classname="TestNG.toRunTogether1" name="a" time="0.010"/>
  <system-out>
    <![CDATA[running method a]]>
  </system-out>
  <testcase classname="TestNG.toRunTogether1" name="c" time="0.001"/>
  <system-out>
    <![CDATA[running method c]]>
  </system-out>
</testsuite> <!-- TestNG.toRunTogether1 -->
