<?xml version="1.0" encoding="UTF-8"?>
<!-- Generated by org.testng.reporters.JUnitReportReporter -->
<testsuite hostname="DESKTOP-UMJ5EG2" failures="0" tests="4" name="TestNG.Multiple_broswers" time="78.329" errors="0" timestamp="2022-03-18T11:35:59 IST" skipped="0">
  <testcase classname="TestNG.Multiple_broswers" name="method3" time="23.159"/>
  <system-out/>
  <testcase classname="TestNG.Multiple_broswers" name="method4" time="13.286"/>
  <system-out/>
  <testcase classname="TestNG.Multiple_broswers" name="method2" time="21.646"/>
  <system-out/>
  <testcase classname="TestNG.Multiple_broswers" name="method1" time="20.238"/>
  <system-out/>
</testsuite> <!-- TestNG.Multiple_broswers -->
