<?xml version="1.0" encoding="UTF-8"?>
<!-- Generated by org.testng.reporters.JUnitReportReporter -->
<testsuite hostname="DESKTOP-UMJ5EG2" failures="0" tests="1" name="TestNG.Group1_IncludeExclude" time="0.024" errors="0" timestamp="2022-03-23T11:43:08 IST" skipped="0">
  <testcase classname="TestNG.Group1_IncludeExclude" name="rcb" time="0.024"/>
  <system-out>
    <![CDATA[rcb]]>
  </system-out>
</testsuite> <!-- TestNG.Group1_IncludeExclude -->
