<?xml version="1.0" encoding="UTF-8"?>
<!-- Generated by org.testng.reporters.JUnitReportReporter -->
<testsuite hostname="DESKTOP-UMJ5EG2" failures="0" tests="1" name="TestNG.toRunTogether1_grouping" time="0.009" errors="0" timestamp="2022-03-23T10:13:51 IST" skipped="0">
  <testcase classname="TestNG.toRunTogether1_grouping" name="a" time="0.009"/>
  <system-out>
    <![CDATA[running method a]]>
  </system-out>
</testsuite> <!-- TestNG.toRunTogether1_grouping -->
