<?xml version="1.0" encoding="UTF-8"?>
<!-- Generated by org.testng.reporters.JUnitReportReporter -->
<testsuite hostname="DESKTOP-UMJ5EG2" failures="0" tests="5" name="TestNG.IncludeExclude2" time="0.141" errors="0" timestamp="2022-03-23T11:10:12 IST" skipped="0">
  <testcase classname="TestNG.IncludeExclude2" name="gt" time="0.015"/>
  <system-out>
    <![CDATA[gt]]>
  </system-out>
  <testcase classname="TestNG.IncludeExclude2" name="kkr" time="0.005"/>
  <system-out>
    <![CDATA[kkr]]>
  </system-out>
  <testcase classname="TestNG.IncludeExclude2" name="csk" time="0.105"/>
  <system-out>
    <![CDATA[csk]]>
  </system-out>
  <testcase classname="TestNG.IncludeExclude2" name="dc" time="0.005"/>
  <system-out>
    <![CDATA[dc]]>
  </system-out>
  <testcase classname="TestNG.IncludeExclude2" name="lsg" time="0.011"/>
  <system-out>
    <![CDATA[lsg]]>
  </system-out>
</testsuite> <!-- TestNG.IncludeExclude2 -->
